<?xml version="1.0" encoding="UTF-8"?>
<testsuite xmlns:xsi="http://www.w3.org/2001/XMLSchema-instance" xsi:noNamespaceSchemaLocation="https://maven.apache.org/surefire/maven-surefire-plugin/xsd/surefire-test-report-3.0.xsd" version="3.0" name="com.example.project.CalculatorTests" time="0.647" tests="16" errors="0" skipped="1" failures="0">
  <properties>
[...]
</properties>
  <testcase name="useCodedValue" classname="com.example.project.CalculatorTests" time="0.057">
    <system-out><![CDATA[init annotatted with @BeforeEach
tearDown annotatted with @AfterEach
]]></system-out>
  </testcase>
  <testcase name="useAssert" classname="com.example.project.CalculatorTests" time="0.014">
    <system-out><![CDATA[init annotatted with @BeforeEach
tearDown annotatted with @AfterEach
]]></system-out>
  </testcase>
  <testcase name="disabledTest" classname="com.example.project.CalculatorTests" time="0.0">
    <skipped message="public void com.example.project.CalculatorTests.disabledTest() is @Disabled"/>
  </testcase>
  <testcase name="useMethodSource(SimpleTriplet)[1]" classname="com.example.project.CalculatorTests" time="0.085">
    <system-out><![CDATA[init annotatted with @BeforeEach
tearDown annotatted with @AfterEach
]]></system-out>
  </testcase>
  <testcase name="useMethodSource(SimpleTriplet)[2]" classname="com.example.project.CalculatorTests" time="0.008">
    <system-out><![CDATA[init annotatted with @BeforeEach
tearDown annotatted with @AfterEach
]]></system-out>
  </testcase>
  <testcase name="useCsvSource(int, int, int)[1]" classname="com.example.project.CalculatorTests" time="0.021">
    <system-out><![CDATA[init annotatted with @BeforeEach
tearDown annotatted with @AfterEach
]]></system-out>
  </testcase>
  <testcase name="useCsvSource(int, int, int)[2]" classname="com.example.project.CalculatorTests" time="0.004">
    <system-out><![CDATA[init annotatted with @BeforeEach
tearDown annotatted with @AfterEach
]]></system-out>
  </testcase>
  <testcase name="useRepeatedTest(TestInfo, RepetitionInfo)[1]" classname="com.example.project.CalculatorTests" time="0.011">
    <system-out><![CDATA[init annotatted with @BeforeEach
useRepeatedTest -> 1
tearDown annotatted with @AfterEach
]]></system-out>
  </testcase>
  <testcase name="useRepeatedTest(TestInfo, RepetitionInfo)[2]" classname="com.example.project.CalculatorTests" time="0.006">
    <system-out><![CDATA[init annotatted with @BeforeEach
useRepeatedTest -> 2
tearDown annotatted with @AfterEach
]]></system-out>
  </testcase>
  <testcase name="useRepeatedTest(TestInfo, RepetitionInfo)[3]" classname="com.example.project.CalculatorTests" time="0.003">
    <system-out><![CDATA[init annotatted with @BeforeEach
useRepeatedTest -> 3
tearDown annotatted with @AfterEach
]]></system-out>
  </testcase>
  <testcase name="useRepeatedTest(TestInfo, RepetitionInfo)[4]" classname="com.example.project.CalculatorTests" time="0.008">
    <system-out><![CDATA[init annotatted with @BeforeEach
useRepeatedTest -> 4
tearDown annotatted with @AfterEach
]]></system-out>
  </testcase>
  <testcase name="useRepeatedTest(TestInfo, RepetitionInfo)[5]" classname="com.example.project.CalculatorTests" time="0.005">
    <system-out><![CDATA[init annotatted with @BeforeEach
useRepeatedTest -> 5
tearDown annotatted with @AfterEach
]]></system-out>
  </testcase>
  <testcase name="useAssertJ" classname="com.example.project.CalculatorTests" time="0.159">
    <system-out><![CDATA[init annotatted with @BeforeEach
tearDown annotatted with @AfterEach
]]></system-out>
  </testcase>
  <testcase name="useValueSource(int)[1]" classname="com.example.project.CalculatorTests" time="0.004">
    <system-out><![CDATA[init annotatted with @BeforeEach
tearDown annotatted with @AfterEach
]]></system-out>
  </testcase>
  <testcase name="useValueSource(int)[2]" classname="com.example.project.CalculatorTests" time="0.004">
    <system-out><![CDATA[init annotatted with @BeforeEach
tearDown annotatted with @AfterEach
]]></system-out>
  </testcase>
  <testcase name="useValueSource(int)[3]" classname="com.example.project.CalculatorTests" time="0.003">
    <system-out><![CDATA[init annotatted with @BeforeEach
tearDown annotatted with @AfterEach
]]></system-out>
  </testcase>
</testsuite>